# JRE version: OpenJDK Runtime Environment Temurin-17.0.6+10 (17.0.6+10) (build 17.0.6+10)
# Java VM: OpenJDK 64-Bit Server VM Temurin-17.0.6+10 (17.0.6+10, mixed mode, sharing, tiered, compressed oops, compressed class ptrs, g1 gc, linux-amd64)
Heap:
 garbage-first heap   total 315392K, used 43541K [0x000000060c000000, 0x0000000800000000)
  region size 4096K, 6 young (24576K), 1 survivors (4096K)
 Metaspace       used 21244K, committed 21568K, reserved 1073152K
  class space    used 2189K, committed 2368K, reserved 1048576K
GC Heap History (14 events):
Event: 0.984 GC heap before
{Heap before GC invocations=0 (full 0):
 garbage-first heap   total 520192K, used 16352K [0x000000060c000000, 0x0000000800000000)
  region size 4096K, 4 young (16384K), 0 survivors (0K)
 Metaspace       used 14103K, committed 14336K, reserved 1064960K
  class space    used 1597K, committed 1728K, reserved 1048576K
}
Event: 0.994 GC heap after
{Heap after GC invocations=1 (full 1):
 garbage-first heap   total 69632K, used 8285K [0x000000060c000000, 0x0000000800000000)
  region size 4096K, 0 young (0K), 0 survivors (0K)
 Metaspace       used 14103K, committed 14336K, reserved 1064960K
  class space    used 1597K, committed 1728K, reserved 1048576K
}
Event: 0.995 GC heap before
{Heap before GC invocations=1 (full 1):
 garbage-first heap   total 69632K, used 8285K [0x000000060c000000, 0x0000000800000000)
  region size 4096K, 0 young (0K), 0 survivors (0K)
 Metaspace       used 14103K, committed 14336K, reserved 1064960K
  class space    used 1597K, committed 1728K, reserved 1048576K
}
Event: 1.010 GC heap after
{Heap after GC invocations=2 (full 2):
 garbage-first heap   total 57344K, used 8285K [0x000000060c000000, 0x0000000800000000)
  region size 4096K, 0 young (0K), 0 survivors (0K)
 Metaspace       used 14103K, committed 14336K, reserved 1064960K
  class space    used 1597K, committed 1728K, reserved 1048576K
}
Event: 2.045 GC heap before
{Heap before GC invocations=2 (full 2):
 garbage-first heap   total 57344K, used 20573K [0x000000060c000000, 0x0000000800000000)
  region size 4096K, 3 young (12288K), 0 survivors (0K)
 Metaspace       used 18312K, committed 18624K, reserved 1073152K
  class space    used 1937K, committed 2112K, reserved 1048576K
}
Event: 2.046 GC heap after
{Heap after GC invocations=3 (full 2):
 garbage-first heap   total 57344K, used 10313K [0x000000060c000000, 0x0000000800000000)
  region size 4096K, 1 young (4096K), 1 survivors (4096K)
 Metaspace       used 18312K, committed 18624K, reserved 1073152K
  class space    used 1937K, committed 2112K, reserved 1048576K
}
Event: 2.132 GC heap before
{Heap before GC invocations=3 (full 2):
 garbage-first heap   total 57344K, used 22601K [0x000000060c000000, 0x0000000800000000)
  region size 4096K, 3 young (12288K), 1 survivors (4096K)
 Metaspace       used 19573K, committed 19840K, reserved 1073152K
  class space    used 2061K, committed 2176K, reserved 1048576K
}
Event: 2.133 GC heap after
{Heap after GC invocations=4 (full 2):
 garbage-first heap   total 57344K, used 18741K [0x000000060c000000, 0x0000000800000000)
  region size 4096K, 1 young (4096K), 1 survivors (4096K)
 Metaspace       used 19573K, committed 19840K, reserved 1073152K
  class space    used 2061K, committed 2176K, reserved 1048576K
}
Event: 2.138 GC heap before
{Heap before GC invocations=4 (full 2):
 garbage-first heap   total 57344K, used 31029K [0x000000060c000000, 0x0000000800000000)
  region size 4096K, 1 young (4096K), 1 survivors (4096K)
 Metaspace       used 19573K, committed 19840K, reserved 1073152K
  class space    used 2061K, committed 2176K, reserved 1048576K
}
Event: 2.140 GC heap after
{Heap after GC invocations=5 (full 2):
 garbage-first heap   total 57344K, used 22740K [0x000000060c000000, 0x0000000800000000)
  region size 4096K, 1 young (4096K), 1 survivors (4096K)
 Metaspace       used 19573K, committed 19840K, reserved 1073152K
  class space    used 2061K, committed 2176K, reserved 1048576K
}
Event: 2.153 GC heap before
{Heap before GC invocations=6 (full 2):
 garbage-first heap   total 90112K, used 43220K [0x000000060c000000, 0x0000000800000000)
  region size 4096K, 1 young (4096K), 1 survivors (4096K)
 Metaspace       used 19573K, committed 19840K, reserved 1073152K
  class space    used 2061K, committed 2176K, reserved 1048576K
}
Event: 2.154 GC heap after
{Heap after GC invocations=7 (full 2):
 garbage-first heap   total 90112K, used 30950K [0x000000060c000000, 0x0000000800000000)
  region size 4096K, 1 young (4096K), 1 survivors (4096K)
 Metaspace       used 19573K, committed 19840K, reserved 1073152K
  class space    used 2061K, committed 2176K, reserved 1048576K
}
Event: 2.282 GC heap before
{Heap before GC invocations=7 (full 2):
 garbage-first heap   total 114688K, used 92390K [0x000000060c000000, 0x0000000800000000)
  region size 4096K, 2 young (8192K), 1 survivors (4096K)
 Metaspace       used 20343K, committed 20672K, reserved 1073152K
  class space    used 2132K, committed 2304K, reserved 1048576K
}
Event: 2.284 GC heap after
{Heap after GC invocations=8 (full 2):
 garbage-first heap   total 315392K, used 10773K [0x000000060c000000, 0x0000000800000000)
  region size 4096K, 1 young (4096K), 1 survivors (4096K)
 Metaspace       used 20343K, committed 20672K, reserved 1073152K
  class space    used 2132K, committed 2304K, reserved 1048576K
}

